[2023-10-28 08:53:22] codecanyon.ERROR: Attempt to read property "name" on null {"userId":34,"exception":"[object] (ErrorException(code: 0): Attempt to read property \"name\" on null at /var/www/HEPL_PM/app/DataTables/ProjectsDataTable.php:133)
[stacktrace]
#0 /var/www/HEPL_PM/vendor/laravel/framework/src/Illuminate/Foundation/Bootstrap/HandleExceptions.php(266): Illuminate\\Foundation\\Bootstrap\\HandleExceptions->handleError()
#1 /var/www/HEPL_PM/app/DataTables/ProjectsDataTable.php(133): Illuminate\\Foundation\\Bootstrap\\HandleExceptions->Illuminate\\Foundation\\Bootstrap\\{closure}()
#2 /var/www/HEPL_PM/vendor/laravel/framework/src/Illuminate/Container/BoundMethod.php(36): App\\DataTables\\ProjectsDataTable->App\\DataTables\\{closure}()
#3 /var/www/HEPL_PM/vendor/laravel/framework/src/Illuminate/Container/Util.php(41): Illuminate\\Container\\BoundMethod::Illuminate\\Container\\{closure}()
#4 /var/www/HEPL_PM/vendor/laravel/framework/src/Illuminate/Container/BoundMethod.php(81): Illuminate\\Container\\Util::unwrapIfClosure()
#5 /var/www/HEPL_PM/vendor/laravel/framework/src/Illuminate/Container/BoundMethod.php(37): Illuminate\\Container\\BoundMethod::callBoundMethod()
#6 /var/www/HEPL_PM/vendor/laravel/framework/src/Illuminate/Container/Container.php(663): Illuminate\\Container\\BoundMethod::call()
#7 /var/www/HEPL_PM/vendor/yajra/laravel-datatables-oracle/src/Utilities/Helper.php(71): Illuminate\\Container\\Container->call()
#8 /var/www/HEPL_PM/vendor/yajra/laravel-datatables-oracle/src/Processors/DataProcessor.php(137): Yajra\\DataTables\\Utilities\\Helper::compileContent()
#9 /var/www/HEPL_PM/vendor/yajra/laravel-datatables-oracle/src/Processors/DataProcessor.php(106): Yajra\\DataTables\\Processors\\DataProcessor->addColumns()
#10 /var/www/HEPL_PM/vendor/yajra/laravel-datatables-oracle/src/DataTableAbstract.php(806): Yajra\\DataTables\\Processors\\DataProcessor->process()
#11 /var/www/HEPL_PM/vendor/yajra/laravel-datatables-oracle/src/QueryDataTable.php(102): Yajra\\DataTables\\DataTableAbstract->processResults()
#12 /var/www/HEPL_PM/vendor/yajra/laravel-datatables-oracle/src/DataTableAbstract.php(675): Yajra\\DataTables\\QueryDataTable->make()
#13 /var/www/HEPL_PM/vendor/yajra/laravel-datatables-buttons/src/Services/DataTable.php(227): Yajra\\DataTables\\DataTableAbstract->toJson()
#14 /var/www/HEPL_PM/vendor/laravel/framework/src/Illuminate/Container/BoundMethod.php(36): Yajra\\DataTables\\Services\\DataTable->ajax()
#15 /var/www/HEPL_PM/vendor/laravel/framework/src/Illuminate/Container/Util.php(41): Illuminate\\Container\\BoundMethod::Illuminate\\Container\\{closure}()
#16 /var/www/HEPL_PM/vendor/laravel/framework/src/Illuminate/Container/BoundMethod.php(93): Illuminate\\Container\\Util::unwrapIfClosure()
#17 /var/www/HEPL_PM/vendor/laravel/framework/src/Illuminate/Container/BoundMethod.php(37): Illuminate\\Container\\BoundMethod::callBoundMethod()
#18 /var/www/HEPL_PM/vendor/laravel/framework/src/Illuminate/Container/Container.php(663): Illuminate\\Container\\BoundMethod::call()
#19 /var/www/HEPL_PM/vendor/yajra/laravel-datatables-buttons/src/Services/DataTable.php(177): Illuminate\\Container\\Container->call()
#20 /var/www/HEPL_PM/app/Http/Controllers/ProjectController.php(110): Yajra\\DataTables\\Services\\DataTable->render()
#21 /var/www/HEPL_PM/vendor/laravel/framework/src/Illuminate/Routing/Controller.php(54): App\\Http\\Controllers\\ProjectController->index()
#22 /var/www/HEPL_PM/vendor/laravel/framework/src/Illuminate/Routing/ControllerDispatcher.php(43): Illuminate\\Routing\\Controller->callAction()
#23 /var/www/HEPL_PM/vendor/laravel/framework/src/Illuminate/Routing/Route.php(260): Illuminate\\Routing\\ControllerDispatcher->dispatch()
#24 /var/www/HEPL_PM/vendor/laravel/framework/src/Illuminate/Routing/Route.php(205): Illuminate\\Routing\\Route->runController()
#25 /var/www/HEPL_PM/vendor/laravel/framework/src/Illuminate/Routing/Router.php(798): Illuminate\\Routing\\Route->run()
#26 /var/www/HEPL_PM/vendor/laravel/framework/src/Illuminate/Pipeline/Pipeline.php(141): Illuminate\\Routing\\Router->Illuminate\\Routing\\{closure}()
#27 /var/www/HEPL_PM/app/Http/Controllers/ProjectController.php(81): Illuminate\\Pipeline\\Pipeline->Illuminate\\Pipeline\\{closure}()
#28 /var/www/HEPL_PM/vendor/laravel/framework/src/Illuminate/Pipeline/Pipeline.php(162): App\\Http\\Controllers\\ProjectController->App\\Http\\Controllers\\{closure}()
#29 /var/www/HEPL_PM/app/Http/Controllers/AccountBaseController.php(101): Illuminate\\Pipeline\\Pipeline->Illuminate\\Pipeline\\{closure}()
#30 /var/www/HEPL_PM/vendor/laravel/framework/src/Illuminate/Pipeline/Pipeline.php(162): App\\Http\\Controllers\\AccountBaseController->App\\Http\\Controllers\\{closure}()
#31 /var/www/HEPL_PM/app/Http/Controllers/Controller.php(88): Illuminate\\Pipeline\\Pipeline->Illuminate\\Pipeline\\{closure}()
#32 /var/www/HEPL_PM/vendor/laravel/framework/src/Illuminate/Pipeline/Pipeline.php(162): App\\Http\\Controllers\\Controller->App\\Http\\Controllers\\{closure}()
#33 /var/www/HEPL_PM/vendor/laravel/framework/src/Illuminate/Routing/Middleware/SubstituteBindings.php(50): Illuminate\\Pipeline\\Pipeline->Illuminate\\Pipeline\\{closure}()
#34 /var/www/HEPL_PM/vendor/laravel/framework/src/Illuminate/Pipeline/Pipeline.php(180): Illuminate\\Routing\\Middleware\\SubstituteBindings->handle()
#35 /var/www/HEPL_PM/vendor/laravel/framework/src/Illuminate/Auth/Middleware/Authenticate.php(44): Illuminate\\Pipeline\\Pipeline->Illuminate\\Pipeline\\{closure}()
#36 /var/www/HEPL_PM/vendor/laravel/framework/src/Illuminate/Pipeline/Pipeline.php(180): Illuminate\\Auth\\Middleware\\Authenticate->handle()
#37 /var/www/HEPL_PM/vendor/laravel/framework/src/Illuminate/Foundation/Http/Middleware/VerifyCsrfToken.php(78): Illuminate\\Pipeline\\Pipeline->Illuminate\\Pipeline\\{closure}()
#38 /var/www/HEPL_PM/vendor/laravel/framework/src/Illuminate/Pipeline/Pipeline.php(180): Illuminate\\Foundation\\Http\\Middleware\\VerifyCsrfToken->handle()
#39 /var/www/HEPL_PM/vendor/laravel/framework/src/Illuminate/View/Middleware/ShareErrorsFromSession.php(49): Illuminate\\Pipeline\\Pipeline->Illuminate\\Pipeline\\{closure}()
#40 /var/www/HEPL_PM/vendor/laravel/framework/src/Illuminate/Pipeline/Pipeline.php(180): Illuminate\\View\\Middleware\\ShareErrorsFromSession->handle()
#41 /var/www/HEPL_PM/vendor/laravel/framework/src/Illuminate/Session/Middleware/StartSession.php(121): Illuminate\\Pipeline\\Pipeline->Illuminate\\Pipeline\\{closure}()
#42 /var/www/HEPL_PM/vendor/laravel/framework/src/Illuminate/Session/Middleware/StartSession.php(64): Illuminate\\Session\\Middleware\\StartSession->handleStatefulRequest()
#43 /var/www/HEPL_PM/vendor/laravel/framework/src/Illuminate/Pipeline/Pipeline.php(180): Illuminate\\Session\\Middleware\\StartSession->handle()
#44 /var/www/HEPL_PM/vendor/laravel/framework/src/Illuminate/Cookie/Middleware/AddQueuedCookiesToResponse.php(37): Illuminate\\Pipeline\\Pipeline->Illuminate\\Pipeline\\{closure}()
#45 /var/www/HEPL_PM/vendor/laravel/framework/src/Illuminate/Pipeline/Pipeline.php(180): Illuminate\\Cookie\\Middleware\\AddQueuedCookiesToResponse->handle()
#46 /var/www/HEPL_PM/vendor/laravel/framework/src/Illuminate/Cookie/Middleware/EncryptCookies.php(67): Illuminate\\Pipeline\\Pipeline->Illuminate\\Pipeline\\{closure}()
#47 /var/www/HEPL_PM/vendor/laravel/framework/src/Illuminate/Pipeline/Pipeline.php(180): Illuminate\\Cookie\\Middleware\\EncryptCookies->handle()
#48 /var/www/HEPL_PM/vendor/laravel/framework/src/Illuminate/Pipeline/Pipeline.php(116): Illuminate\\Pipeline\\Pipeline->Illuminate\\Pipeline\\{closure}()
#49 /var/www/HEPL_PM/vendor/laravel/framework/src/Illuminate/Routing/Router.php(799): Illuminate\\Pipeline\\Pipeline->then()
#50 /var/www/HEPL_PM/vendor/laravel/framework/src/Illuminate/Routing/Router.php(776): Illuminate\\Routing\\Router->runRouteWithinStack()
#51 /var/www/HEPL_PM/vendor/laravel/framework/src/Illuminate/Routing/Router.php(740): Illuminate\\Routing\\Router->runRoute()
#52 /var/www/HEPL_PM/vendor/laravel/framework/src/Illuminate/Routing/Router.php(729): Illuminate\\Routing\\Router->dispatchToRoute()
#53 /var/www/HEPL_PM/vendor/laravel/framework/src/Illuminate/Foundation/Http/Kernel.php(190): Illuminate\\Routing\\Router->dispatch()
#54 /var/www/HEPL_PM/vendor/laravel/framework/src/Illuminate/Pipeline/Pipeline.php(141): Illuminate\\Foundation\\Http\\Kernel->Illuminate\\Foundation\\Http\\{closure}()
#55 /var/www/HEPL_PM/vendor/barryvdh/laravel-debugbar/src/Middleware/InjectDebugbar.php(59): Illuminate\\Pipeline\\Pipeline->Illuminate\\Pipeline\\{closure}()
#56 /var/www/HEPL_PM/vendor/laravel/framework/src/Illuminate/Pipeline/Pipeline.php(180): Barryvdh\\Debugbar\\Middleware\\InjectDebugbar->handle()
#57 /var/www/HEPL_PM/vendor/froiden/envato/src/Middleware/XSS.php(25): Illuminate\\Pipeline\\Pipeline->Illuminate\\Pipeline\\{closure}()
#58 /var/www/HEPL_PM/vendor/laravel/framework/src/Illuminate/Pipeline/Pipeline.php(180): Froiden\\Envato\\Middleware\\XSS->handle()
#59 /var/www/HEPL_PM/vendor/laravel/framework/src/Illuminate/Foundation/Http/Middleware/TransformsRequest.php(21): Illuminate\\Pipeline\\Pipeline->Illuminate\\Pipeline\\{closure}()
#60 /var/www/HEPL_PM/vendor/laravel/framework/src/Illuminate/Foundation/Http/Middleware/ConvertEmptyStringsToNull.php(31): Illuminate\\Foundation\\Http\\Middleware\\TransformsRequest->handle()
#61 /var/www/HEPL_PM/vendor/laravel/framework/src/Illuminate/Pipeline/Pipeline.php(180): Illuminate\\Foundation\\Http\\Middleware\\ConvertEmptyStringsToNull->handle()
#62 /var/www/HEPL_PM/vendor/laravel/framework/src/Illuminate/Foundation/Http/Middleware/TransformsRequest.php(21): Illuminate\\Pipeline\\Pipeline->Illuminate\\Pipeline\\{closure}()
#63 /var/www/HEPL_PM/vendor/laravel/framework/src/Illuminate/Foundation/Http/Middleware/TrimStrings.php(40): Illuminate\\Foundation\\Http\\Middleware\\TransformsRequest->handle()
#64 /var/www/HEPL_PM/vendor/laravel/framework/src/Illuminate/Pipeline/Pipeline.php(180): Illuminate\\Foundation\\Http\\Middleware\\TrimStrings->handle()
#65 /var/www/HEPL_PM/vendor/laravel/framework/src/Illuminate/Foundation/Http/Middleware/ValidatePostSize.php(27): Illuminate\\Pipeline\\Pipeline->Illuminate\\Pipeline\\{closure}()
#66 /var/www/HEPL_PM/vendor/laravel/framework/src/Illuminate/Pipeline/Pipeline.php(180): Illuminate\\Foundation\\Http\\Middleware\\ValidatePostSize->handle()
#67 /var/www/HEPL_PM/vendor/laravel/framework/src/Illuminate/Foundation/Http/Middleware/PreventRequestsDuringMaintenance.php(86): Illuminate\\Pipeline\\Pipeline->Illuminate\\Pipeline\\{closure}()
#68 /var/www/HEPL_PM/vendor/laravel/framework/src/Illuminate/Pipeline/Pipeline.php(180): Illuminate\\Foundation\\Http\\Middleware\\PreventRequestsDuringMaintenance->handle()
#69 /var/www/HEPL_PM/vendor/fruitcake/laravel-cors/src/HandleCors.php(38): Illuminate\\Pipeline\\Pipeline->Illuminate\\Pipeline\\{closure}()
#70 /var/www/HEPL_PM/vendor/laravel/framework/src/Illuminate/Pipeline/Pipeline.php(180): Fruitcake\\Cors\\HandleCors->handle()
#71 /var/www/HEPL_PM/vendor/laravel/framework/src/Illuminate/Http/Middleware/TrustProxies.php(39): Illuminate\\Pipeline\\Pipeline->Illuminate\\Pipeline\\{closure}()
#72 /var/www/HEPL_PM/vendor/laravel/framework/src/Illuminate/Pipeline/Pipeline.php(180): Illuminate\\Http\\Middleware\\TrustProxies->handle()
#73 /var/www/HEPL_PM/vendor/laravel/framework/src/Illuminate/Pipeline/Pipeline.php(116): Illuminate\\Pipeline\\Pipeline->Illuminate\\Pipeline\\{closure}()
#74 /var/www/HEPL_PM/vendor/laravel/framework/src/Illuminate/Foundation/Http/Kernel.php(165): Illuminate\\Pipeline\\Pipeline->then()
#75 /var/www/HEPL_PM/vendor/laravel/framework/src/Illuminate/Foundation/Http/Kernel.php(134): Illuminate\\Foundation\\Http\\Kernel->sendRequestThroughRouter()
#76 /var/www/HEPL_PM/public/index.php(64): Illuminate\\Foundation\\Http\\Kernel->handle()
#77 {main}
"} 
[2023-10-28 08:53:42] codecanyon.ERROR: Attempt to read property "name" on null {"userId":34,"exception":"[object] (ErrorException(code: 0): Attempt to read property \"name\" on null at /var/www/HEPL_PM/app/DataTables/ProjectsDataTable.php:133)
[stacktrace]
#0 /var/www/HEPL_PM/vendor/laravel/framework/src/Illuminate/Foundation/Bootstrap/HandleExceptions.php(266): Illuminate\\Foundation\\Bootstrap\\HandleExceptions->handleError()
#1 /var/www/HEPL_PM/app/DataTables/ProjectsDataTable.php(133): Illuminate\\Foundation\\Bootstrap\\HandleExceptions->Illuminate\\Foundation\\Bootstrap\\{closure}()
#2 /var/www/HEPL_PM/vendor/laravel/framework/src/Illuminate/Container/BoundMethod.php(36): App\\DataTables\\ProjectsDataTable->App\\DataTables\\{closure}()
#3 /var/www/HEPL_PM/vendor/laravel/framework/src/Illuminate/Container/Util.php(41): Illuminate\\Container\\BoundMethod::Illuminate\\Container\\{closure}()
#4 /var/www/HEPL_PM/vendor/laravel/framework/src/Illuminate/Container/BoundMethod.php(81): Illuminate\\Container\\Util::unwrapIfClosure()
#5 /var/www/HEPL_PM/vendor/laravel/framework/src/Illuminate/Container/BoundMethod.php(37): Illuminate\\Container\\BoundMethod::callBoundMethod()
#6 /var/www/HEPL_PM/vendor/laravel/framework/src/Illuminate/Container/Container.php(663): Illuminate\\Container\\BoundMethod::call()
#7 /var/www/HEPL_PM/vendor/yajra/laravel-datatables-oracle/src/Utilities/Helper.php(71): Illuminate\\Container\\Container->call()
#8 /var/www/HEPL_PM/vendor/yajra/laravel-datatables-oracle/src/Processors/DataProcessor.php(137): Yajra\\DataTables\\Utilities\\Helper::compileContent()
#9 /var/www/HEPL_PM/vendor/yajra/laravel-datatables-oracle/src/Processors/DataProcessor.php(106): Yajra\\DataTables\\Processors\\DataProcessor->addColumns()
#10 /var/www/HEPL_PM/vendor/yajra/laravel-datatables-oracle/src/DataTableAbstract.php(806): Yajra\\DataTables\\Processors\\DataProcessor->process()
#11 /var/www/HEPL_PM/vendor/yajra/laravel-datatables-oracle/src/QueryDataTable.php(102): Yajra\\DataTables\\DataTableAbstract->processResults()
#12 /var/www/HEPL_PM/vendor/yajra/laravel-datatables-oracle/src/DataTableAbstract.php(675): Yajra\\DataTables\\QueryDataTable->make()
#13 /var/www/HEPL_PM/vendor/yajra/laravel-datatables-buttons/src/Services/DataTable.php(227): Yajra\\DataTables\\DataTableAbstract->toJson()
#14 /var/www/HEPL_PM/vendor/laravel/framework/src/Illuminate/Container/BoundMethod.php(36): Yajra\\DataTables\\Services\\DataTable->ajax()
#15 /var/www/HEPL_PM/vendor/laravel/framework/src/Illuminate/Container/Util.php(41): Illuminate\\Container\\BoundMethod::Illuminate\\Container\\{closure}()
#16 /var/www/HEPL_PM/vendor/laravel/framework/src/Illuminate/Container/BoundMethod.php(93): Illuminate\\Container\\Util::unwrapIfClosure()
#17 /var/www/HEPL_PM/vendor/laravel/framework/src/Illuminate/Container/BoundMethod.php(37): Illuminate\\Container\\BoundMethod::callBoundMethod()
#18 /var/www/HEPL_PM/vendor/laravel/framework/src/Illuminate/Container/Container.php(663): Illuminate\\Container\\BoundMethod::call()
#19 /var/www/HEPL_PM/vendor/yajra/laravel-datatables-buttons/src/Services/DataTable.php(177): Illuminate\\Container\\Container->call()
#20 /var/www/HEPL_PM/app/Http/Controllers/ProjectController.php(110): Yajra\\DataTables\\Services\\DataTable->render()
#21 /var/www/HEPL_PM/vendor/laravel/framework/src/Illuminate/Routing/Controller.php(54): App\\Http\\Controllers\\ProjectController->index()
#22 /var/www/HEPL_PM/vendor/laravel/framework/src/Illuminate/Routing/ControllerDispatcher.php(43): Illuminate\\Routing\\Controller->callAction()
#23 /var/www/HEPL_PM/vendor/laravel/framework/src/Illuminate/Routing/Route.php(260): Illuminate\\Routing\\ControllerDispatcher->dispatch()
#24 /var/www/HEPL_PM/vendor/laravel/framework/src/Illuminate/Routing/Route.php(205): Illuminate\\Routing\\Route->runController()
#25 /var/www/HEPL_PM/vendor/laravel/framework/src/Illuminate/Routing/Router.php(798): Illuminate\\Routing\\Route->run()
#26 /var/www/HEPL_PM/vendor/laravel/framework/src/Illuminate/Pipeline/Pipeline.php(141): Illuminate\\Routing\\Router->Illuminate\\Routing\\{closure}()
#27 /var/www/HEPL_PM/app/Http/Controllers/ProjectController.php(81): Illuminate\\Pipeline\\Pipeline->Illuminate\\Pipeline\\{closure}()
#28 /var/www/HEPL_PM/vendor/laravel/framework/src/Illuminate/Pipeline/Pipeline.php(162): App\\Http\\Controllers\\ProjectController->App\\Http\\Controllers\\{closure}()
#29 /var/www/HEPL_PM/app/Http/Controllers/AccountBaseController.php(101): Illuminate\\Pipeline\\Pipeline->Illuminate\\Pipeline\\{closure}()
#30 /var/www/HEPL_PM/vendor/laravel/framework/src/Illuminate/Pipeline/Pipeline.php(162): App\\Http\\Controllers\\AccountBaseController->App\\Http\\Controllers\\{closure}()
#31 /var/www/HEPL_PM/app/Http/Controllers/Controller.php(88): Illuminate\\Pipeline\\Pipeline->Illuminate\\Pipeline\\{closure}()
#32 /var/www/HEPL_PM/vendor/laravel/framework/src/Illuminate/Pipeline/Pipeline.php(162): App\\Http\\Controllers\\Controller->App\\Http\\Controllers\\{closure}()
#33 /var/www/HEPL_PM/vendor/laravel/framework/src/Illuminate/Routing/Middleware/SubstituteBindings.php(50): Illuminate\\Pipeline\\Pipeline->Illuminate\\Pipeline\\{closure}()
#34 /var/www/HEPL_PM/vendor/laravel/framework/src/Illuminate/Pipeline/Pipeline.php(180): Illuminate\\Routing\\Middleware\\SubstituteBindings->handle()
#35 /var/www/HEPL_PM/vendor/laravel/framework/src/Illuminate/Auth/Middleware/Authenticate.php(44): Illuminate\\Pipeline\\Pipeline->Illuminate\\Pipeline\\{closure}()
#36 /var/www/HEPL_PM/vendor/laravel/framework/src/Illuminate/Pipeline/Pipeline.php(180): Illuminate\\Auth\\Middleware\\Authenticate->handle()
#37 /var/www/HEPL_PM/vendor/laravel/framework/src/Illuminate/Foundation/Http/Middleware/VerifyCsrfToken.php(78): Illuminate\\Pipeline\\Pipeline->Illuminate\\Pipeline\\{closure}()
#38 /var/www/HEPL_PM/vendor/laravel/framework/src/Illuminate/Pipeline/Pipeline.php(180): Illuminate\\Foundation\\Http\\Middleware\\VerifyCsrfToken->handle()
#39 /var/www/HEPL_PM/vendor/laravel/framework/src/Illuminate/View/Middleware/ShareErrorsFromSession.php(49): Illuminate\\Pipeline\\Pipeline->Illuminate\\Pipeline\\{closure}()
#40 /var/www/HEPL_PM/vendor/laravel/framework/src/Illuminate/Pipeline/Pipeline.php(180): Illuminate\\View\\Middleware\\ShareErrorsFromSession->handle()
#41 /var/www/HEPL_PM/vendor/laravel/framework/src/Illuminate/Session/Middleware/StartSession.php(121): Illuminate\\Pipeline\\Pipeline->Illuminate\\Pipeline\\{closure}()
#42 /var/www/HEPL_PM/vendor/laravel/framework/src/Illuminate/Session/Middleware/StartSession.php(64): Illuminate\\Session\\Middleware\\StartSession->handleStatefulRequest()
#43 /var/www/HEPL_PM/vendor/laravel/framework/src/Illuminate/Pipeline/Pipeline.php(180): Illuminate\\Session\\Middleware\\StartSession->handle()
#44 /var/www/HEPL_PM/vendor/laravel/framework/src/Illuminate/Cookie/Middleware/AddQueuedCookiesToResponse.php(37): Illuminate\\Pipeline\\Pipeline->Illuminate\\Pipeline\\{closure}()
#45 /var/www/HEPL_PM/vendor/laravel/framework/src/Illuminate/Pipeline/Pipeline.php(180): Illuminate\\Cookie\\Middleware\\AddQueuedCookiesToResponse->handle()
#46 /var/www/HEPL_PM/vendor/laravel/framework/src/Illuminate/Cookie/Middleware/EncryptCookies.php(67): Illuminate\\Pipeline\\Pipeline->Illuminate\\Pipeline\\{closure}()
#47 /var/www/HEPL_PM/vendor/laravel/framework/src/Illuminate/Pipeline/Pipeline.php(180): Illuminate\\Cookie\\Middleware\\EncryptCookies->handle()
#48 /var/www/HEPL_PM/vendor/laravel/framework/src/Illuminate/Pipeline/Pipeline.php(116): Illuminate\\Pipeline\\Pipeline->Illuminate\\Pipeline\\{closure}()
#49 /var/www/HEPL_PM/vendor/laravel/framework/src/Illuminate/Routing/Router.php(799): Illuminate\\Pipeline\\Pipeline->then()
#50 /var/www/HEPL_PM/vendor/laravel/framework/src/Illuminate/Routing/Router.php(776): Illuminate\\Routing\\Router->runRouteWithinStack()
#51 /var/www/HEPL_PM/vendor/laravel/framework/src/Illuminate/Routing/Router.php(740): Illuminate\\Routing\\Router->runRoute()
#52 /var/www/HEPL_PM/vendor/laravel/framework/src/Illuminate/Routing/Router.php(729): Illuminate\\Routing\\Router->dispatchToRoute()
#53 /var/www/HEPL_PM/vendor/laravel/framework/src/Illuminate/Foundation/Http/Kernel.php(190): Illuminate\\Routing\\Router->dispatch()
#54 /var/www/HEPL_PM/vendor/laravel/framework/src/Illuminate/Pipeline/Pipeline.php(141): Illuminate\\Foundation\\Http\\Kernel->Illuminate\\Foundation\\Http\\{closure}()
#55 /var/www/HEPL_PM/vendor/barryvdh/laravel-debugbar/src/Middleware/InjectDebugbar.php(59): Illuminate\\Pipeline\\Pipeline->Illuminate\\Pipeline\\{closure}()
#56 /var/www/HEPL_PM/vendor/laravel/framework/src/Illuminate/Pipeline/Pipeline.php(180): Barryvdh\\Debugbar\\Middleware\\InjectDebugbar->handle()
#57 /var/www/HEPL_PM/vendor/froiden/envato/src/Middleware/XSS.php(25): Illuminate\\Pipeline\\Pipeline->Illuminate\\Pipeline\\{closure}()
#58 /var/www/HEPL_PM/vendor/laravel/framework/src/Illuminate/Pipeline/Pipeline.php(180): Froiden\\Envato\\Middleware\\XSS->handle()
#59 /var/www/HEPL_PM/vendor/laravel/framework/src/Illuminate/Foundation/Http/Middleware/TransformsRequest.php(21): Illuminate\\Pipeline\\Pipeline->Illuminate\\Pipeline\\{closure}()
#60 /var/www/HEPL_PM/vendor/laravel/framework/src/Illuminate/Foundation/Http/Middleware/ConvertEmptyStringsToNull.php(31): Illuminate\\Foundation\\Http\\Middleware\\TransformsRequest->handle()
#61 /var/www/HEPL_PM/vendor/laravel/framework/src/Illuminate/Pipeline/Pipeline.php(180): Illuminate\\Foundation\\Http\\Middleware\\ConvertEmptyStringsToNull->handle()
#62 /var/www/HEPL_PM/vendor/laravel/framework/src/Illuminate/Foundation/Http/Middleware/TransformsRequest.php(21): Illuminate\\Pipeline\\Pipeline->Illuminate\\Pipeline\\{closure}()
#63 /var/www/HEPL_PM/vendor/laravel/framework/src/Illuminate/Foundation/Http/Middleware/TrimStrings.php(40): Illuminate\\Foundation\\Http\\Middleware\\TransformsRequest->handle()
#64 /var/www/HEPL_PM/vendor/laravel/framework/src/Illuminate/Pipeline/Pipeline.php(180): Illuminate\\Foundation\\Http\\Middleware\\TrimStrings->handle()
#65 /var/www/HEPL_PM/vendor/laravel/framework/src/Illuminate/Foundation/Http/Middleware/ValidatePostSize.php(27): Illuminate\\Pipeline\\Pipeline->Illuminate\\Pipeline\\{closure}()
#66 /var/www/HEPL_PM/vendor/laravel/framework/src/Illuminate/Pipeline/Pipeline.php(180): Illuminate\\Foundation\\Http\\Middleware\\ValidatePostSize->handle()
#67 /var/www/HEPL_PM/vendor/laravel/framework/src/Illuminate/Foundation/Http/Middleware/PreventRequestsDuringMaintenance.php(86): Illuminate\\Pipeline\\Pipeline->Illuminate\\Pipeline\\{closure}()
#68 /var/www/HEPL_PM/vendor/laravel/framework/src/Illuminate/Pipeline/Pipeline.php(180): Illuminate\\Foundation\\Http\\Middleware\\PreventRequestsDuringMaintenance->handle()
#69 /var/www/HEPL_PM/vendor/fruitcake/laravel-cors/src/HandleCors.php(38): Illuminate\\Pipeline\\Pipeline->Illuminate\\Pipeline\\{closure}()
#70 /var/www/HEPL_PM/vendor/laravel/framework/src/Illuminate/Pipeline/Pipeline.php(180): Fruitcake\\Cors\\HandleCors->handle()
#71 /var/www/HEPL_PM/vendor/laravel/framework/src/Illuminate/Http/Middleware/TrustProxies.php(39): Illuminate\\Pipeline\\Pipeline->Illuminate\\Pipeline\\{closure}()
#72 /var/www/HEPL_PM/vendor/laravel/framework/src/Illuminate/Pipeline/Pipeline.php(180): Illuminate\\Http\\Middleware\\TrustProxies->handle()
#73 /var/www/HEPL_PM/vendor/laravel/framework/src/Illuminate/Pipeline/Pipeline.php(116): Illuminate\\Pipeline\\Pipeline->Illuminate\\Pipeline\\{closure}()
#74 /var/www/HEPL_PM/vendor/laravel/framework/src/Illuminate/Foundation/Http/Kernel.php(165): Illuminate\\Pipeline\\Pipeline->then()
#75 /var/www/HEPL_PM/vendor/laravel/framework/src/Illuminate/Foundation/Http/Kernel.php(134): Illuminate\\Foundation\\Http\\Kernel->sendRequestThroughRouter()
#76 /var/www/HEPL_PM/public/index.php(64): Illuminate\\Foundation\\Http\\Kernel->handle()
#77 {main}
"} 
[2023-10-28 08:54:16] codecanyon.ERROR: Attempt to read property "name" on null {"userId":34,"exception":"[object] (ErrorException(code: 0): Attempt to read property \"name\" on null at /var/www/HEPL_PM/app/DataTables/ProjectsDataTable.php:133)
[stacktrace]
#0 /var/www/HEPL_PM/vendor/laravel/framework/src/Illuminate/Foundation/Bootstrap/HandleExceptions.php(266): Illuminate\\Foundation\\Bootstrap\\HandleExceptions->handleError()
#1 /var/www/HEPL_PM/app/DataTables/ProjectsDataTable.php(133): Illuminate\\Foundation\\Bootstrap\\HandleExceptions->Illuminate\\Foundation\\Bootstrap\\{closure}()
#2 /var/www/HEPL_PM/vendor/laravel/framework/src/Illuminate/Container/BoundMethod.php(36): App\\DataTables\\ProjectsDataTable->App\\DataTables\\{closure}()
#3 /var/www/HEPL_PM/vendor/laravel/framework/src/Illuminate/Container/Util.php(41): Illuminate\\Container\\BoundMethod::Illuminate\\Container\\{closure}()
#4 /var/www/HEPL_PM/vendor/laravel/framework/src/Illuminate/Container/BoundMethod.php(81): Illuminate\\Container\\Util::unwrapIfClosure()
#5 /var/www/HEPL_PM/vendor/laravel/framework/src/Illuminate/Container/BoundMethod.php(37): Illuminate\\Container\\BoundMethod::callBoundMethod()
#6 /var/www/HEPL_PM/vendor/laravel/framework/src/Illuminate/Container/Container.php(663): Illuminate\\Container\\BoundMethod::call()
#7 /var/www/HEPL_PM/vendor/yajra/laravel-datatables-oracle/src/Utilities/Helper.php(71): Illuminate\\Container\\Container->call()
#8 /var/www/HEPL_PM/vendor/yajra/laravel-datatables-oracle/src/Processors/DataProcessor.php(137): Yajra\\DataTables\\Utilities\\Helper::compileContent()
#9 /var/www/HEPL_PM/vendor/yajra/laravel-datatables-oracle/src/Processors/DataProcessor.php(106): Yajra\\DataTables\\Processors\\DataProcessor->addColumns()
#10 /var/www/HEPL_PM/vendor/yajra/laravel-datatables-oracle/src/DataTableAbstract.php(806): Yajra\\DataTables\\Processors\\DataProcessor->process()
#11 /var/www/HEPL_PM/vendor/yajra/laravel-datatables-oracle/src/QueryDataTable.php(102): Yajra\\DataTables\\DataTableAbstract->processResults()
#12 /var/www/HEPL_PM/vendor/yajra/laravel-datatables-oracle/src/DataTableAbstract.php(675): Yajra\\DataTables\\QueryDataTable->make()
#13 /var/www/HEPL_PM/vendor/yajra/laravel-datatables-buttons/src/Services/DataTable.php(227): Yajra\\DataTables\\DataTableAbstract->toJson()
#14 /var/www/HEPL_PM/vendor/laravel/framework/src/Illuminate/Container/BoundMethod.php(36): Yajra\\DataTables\\Services\\DataTable->ajax()
#15 /var/www/HEPL_PM/vendor/laravel/framework/src/Illuminate/Container/Util.php(41): Illuminate\\Container\\BoundMethod::Illuminate\\Container\\{closure}()
#16 /var/www/HEPL_PM/vendor/laravel/framework/src/Illuminate/Container/BoundMethod.php(93): Illuminate\\Container\\Util::unwrapIfClosure()
#17 /var/www/HEPL_PM/vendor/laravel/framework/src/Illuminate/Container/BoundMethod.php(37): Illuminate\\Container\\BoundMethod::callBoundMethod()
#18 /var/www/HEPL_PM/vendor/laravel/framework/src/Illuminate/Container/Container.php(663): Illuminate\\Container\\BoundMethod::call()
#19 /var/www/HEPL_PM/vendor/yajra/laravel-datatables-buttons/src/Services/DataTable.php(177): Illuminate\\Container\\Container->call()
#20 /var/www/HEPL_PM/app/Http/Controllers/ProjectController.php(110): Yajra\\DataTables\\Services\\DataTable->render()
#21 /var/www/HEPL_PM/vendor/laravel/framework/src/Illuminate/Routing/Controller.php(54): App\\Http\\Controllers\\ProjectController->index()
#22 /var/www/HEPL_PM/vendor/laravel/framework/src/Illuminate/Routing/ControllerDispatcher.php(43): Illuminate\\Routing\\Controller->callAction()
#23 /var/www/HEPL_PM/vendor/laravel/framework/src/Illuminate/Routing/Route.php(260): Illuminate\\Routing\\ControllerDispatcher->dispatch()
#24 /var/www/HEPL_PM/vendor/laravel/framework/src/Illuminate/Routing/Route.php(205): Illuminate\\Routing\\Route->runController()
#25 /var/www/HEPL_PM/vendor/laravel/framework/src/Illuminate/Routing/Router.php(798): Illuminate\\Routing\\Route->run()
#26 /var/www/HEPL_PM/vendor/laravel/framework/src/Illuminate/Pipeline/Pipeline.php(141): Illuminate\\Routing\\Router->Illuminate\\Routing\\{closure}()
#27 /var/www/HEPL_PM/app/Http/Controllers/ProjectController.php(81): Illuminate\\Pipeline\\Pipeline->Illuminate\\Pipeline\\{closure}()
#28 /var/www/HEPL_PM/vendor/laravel/framework/src/Illuminate/Pipeline/Pipeline.php(162): App\\Http\\Controllers\\ProjectController->App\\Http\\Controllers\\{closure}()
#29 /var/www/HEPL_PM/app/Http/Controllers/AccountBaseController.php(101): Illuminate\\Pipeline\\Pipeline->Illuminate\\Pipeline\\{closure}()
#30 /var/www/HEPL_PM/vendor/laravel/framework/src/Illuminate/Pipeline/Pipeline.php(162): App\\Http\\Controllers\\AccountBaseController->App\\Http\\Controllers\\{closure}()
#31 /var/www/HEPL_PM/app/Http/Controllers/Controller.php(88): Illuminate\\Pipeline\\Pipeline->Illuminate\\Pipeline\\{closure}()
#32 /var/www/HEPL_PM/vendor/laravel/framework/src/Illuminate/Pipeline/Pipeline.php(162): App\\Http\\Controllers\\Controller->App\\Http\\Controllers\\{closure}()
#33 /var/www/HEPL_PM/vendor/laravel/framework/src/Illuminate/Routing/Middleware/SubstituteBindings.php(50): Illuminate\\Pipeline\\Pipeline->Illuminate\\Pipeline\\{closure}()
#34 /var/www/HEPL_PM/vendor/laravel/framework/src/Illuminate/Pipeline/Pipeline.php(180): Illuminate\\Routing\\Middleware\\SubstituteBindings->handle()
#35 /var/www/HEPL_PM/vendor/laravel/framework/src/Illuminate/Auth/Middleware/Authenticate.php(44): Illuminate\\Pipeline\\Pipeline->Illuminate\\Pipeline\\{closure}()
#36 /var/www/HEPL_PM/vendor/laravel/framework/src/Illuminate/Pipeline/Pipeline.php(180): Illuminate\\Auth\\Middleware\\Authenticate->handle()
#37 /var/www/HEPL_PM/vendor/laravel/framework/src/Illuminate/Foundation/Http/Middleware/VerifyCsrfToken.php(78): Illuminate\\Pipeline\\Pipeline->Illuminate\\Pipeline\\{closure}()
#38 /var/www/HEPL_PM/vendor/laravel/framework/src/Illuminate/Pipeline/Pipeline.php(180): Illuminate\\Foundation\\Http\\Middleware\\VerifyCsrfToken->handle()
#39 /var/www/HEPL_PM/vendor/laravel/framework/src/Illuminate/View/Middleware/ShareErrorsFromSession.php(49): Illuminate\\Pipeline\\Pipeline->Illuminate\\Pipeline\\{closure}()
#40 /var/www/HEPL_PM/vendor/laravel/framework/src/Illuminate/Pipeline/Pipeline.php(180): Illuminate\\View\\Middleware\\ShareErrorsFromSession->handle()
#41 /var/www/HEPL_PM/vendor/laravel/framework/src/Illuminate/Session/Middleware/StartSession.php(121): Illuminate\\Pipeline\\Pipeline->Illuminate\\Pipeline\\{closure}()
#42 /var/www/HEPL_PM/vendor/laravel/framework/src/Illuminate/Session/Middleware/StartSession.php(64): Illuminate\\Session\\Middleware\\StartSession->handleStatefulRequest()
#43 /var/www/HEPL_PM/vendor/laravel/framework/src/Illuminate/Pipeline/Pipeline.php(180): Illuminate\\Session\\Middleware\\StartSession->handle()
#44 /var/www/HEPL_PM/vendor/laravel/framework/src/Illuminate/Cookie/Middleware/AddQueuedCookiesToResponse.php(37): Illuminate\\Pipeline\\Pipeline->Illuminate\\Pipeline\\{closure}()
#45 /var/www/HEPL_PM/vendor/laravel/framework/src/Illuminate/Pipeline/Pipeline.php(180): Illuminate\\Cookie\\Middleware\\AddQueuedCookiesToResponse->handle()
#46 /var/www/HEPL_PM/vendor/laravel/framework/src/Illuminate/Cookie/Middleware/EncryptCookies.php(67): Illuminate\\Pipeline\\Pipeline->Illuminate\\Pipeline\\{closure}()
#47 /var/www/HEPL_PM/vendor/laravel/framework/src/Illuminate/Pipeline/Pipeline.php(180): Illuminate\\Cookie\\Middleware\\EncryptCookies->handle()
#48 /var/www/HEPL_PM/vendor/laravel/framework/src/Illuminate/Pipeline/Pipeline.php(116): Illuminate\\Pipeline\\Pipeline->Illuminate\\Pipeline\\{closure}()
#49 /var/www/HEPL_PM/vendor/laravel/framework/src/Illuminate/Routing/Router.php(799): Illuminate\\Pipeline\\Pipeline->then()
#50 /var/www/HEPL_PM/vendor/laravel/framework/src/Illuminate/Routing/Router.php(776): Illuminate\\Routing\\Router->runRouteWithinStack()
#51 /var/www/HEPL_PM/vendor/laravel/framework/src/Illuminate/Routing/Router.php(740): Illuminate\\Routing\\Router->runRoute()
#52 /var/www/HEPL_PM/vendor/laravel/framework/src/Illuminate/Routing/Router.php(729): Illuminate\\Routing\\Router->dispatchToRoute()
#53 /var/www/HEPL_PM/vendor/laravel/framework/src/Illuminate/Foundation/Http/Kernel.php(190): Illuminate\\Routing\\Router->dispatch()
#54 /var/www/HEPL_PM/vendor/laravel/framework/src/Illuminate/Pipeline/Pipeline.php(141): Illuminate\\Foundation\\Http\\Kernel->Illuminate\\Foundation\\Http\\{closure}()
#55 /var/www/HEPL_PM/vendor/barryvdh/laravel-debugbar/src/Middleware/InjectDebugbar.php(59): Illuminate\\Pipeline\\Pipeline->Illuminate\\Pipeline\\{closure}()
#56 /var/www/HEPL_PM/vendor/laravel/framework/src/Illuminate/Pipeline/Pipeline.php(180): Barryvdh\\Debugbar\\Middleware\\InjectDebugbar->handle()
#57 /var/www/HEPL_PM/vendor/froiden/envato/src/Middleware/XSS.php(25): Illuminate\\Pipeline\\Pipeline->Illuminate\\Pipeline\\{closure}()
#58 /var/www/HEPL_PM/vendor/laravel/framework/src/Illuminate/Pipeline/Pipeline.php(180): Froiden\\Envato\\Middleware\\XSS->handle()
#59 /var/www/HEPL_PM/vendor/laravel/framework/src/Illuminate/Foundation/Http/Middleware/TransformsRequest.php(21): Illuminate\\Pipeline\\Pipeline->Illuminate\\Pipeline\\{closure}()
#60 /var/www/HEPL_PM/vendor/laravel/framework/src/Illuminate/Foundation/Http/Middleware/ConvertEmptyStringsToNull.php(31): Illuminate\\Foundation\\Http\\Middleware\\TransformsRequest->handle()
#61 /var/www/HEPL_PM/vendor/laravel/framework/src/Illuminate/Pipeline/Pipeline.php(180): Illuminate\\Foundation\\Http\\Middleware\\ConvertEmptyStringsToNull->handle()
#62 /var/www/HEPL_PM/vendor/laravel/framework/src/Illuminate/Foundation/Http/Middleware/TransformsRequest.php(21): Illuminate\\Pipeline\\Pipeline->Illuminate\\Pipeline\\{closure}()
#63 /var/www/HEPL_PM/vendor/laravel/framework/src/Illuminate/Foundation/Http/Middleware/TrimStrings.php(40): Illuminate\\Foundation\\Http\\Middleware\\TransformsRequest->handle()
#64 /var/www/HEPL_PM/vendor/laravel/framework/src/Illuminate/Pipeline/Pipeline.php(180): Illuminate\\Foundation\\Http\\Middleware\\TrimStrings->handle()
#65 /var/www/HEPL_PM/vendor/laravel/framework/src/Illuminate/Foundation/Http/Middleware/ValidatePostSize.php(27): Illuminate\\Pipeline\\Pipeline->Illuminate\\Pipeline\\{closure}()
#66 /var/www/HEPL_PM/vendor/laravel/framework/src/Illuminate/Pipeline/Pipeline.php(180): Illuminate\\Foundation\\Http\\Middleware\\ValidatePostSize->handle()
#67 /var/www/HEPL_PM/vendor/laravel/framework/src/Illuminate/Foundation/Http/Middleware/PreventRequestsDuringMaintenance.php(86): Illuminate\\Pipeline\\Pipeline->Illuminate\\Pipeline\\{closure}()
#68 /var/www/HEPL_PM/vendor/laravel/framework/src/Illuminate/Pipeline/Pipeline.php(180): Illuminate\\Foundation\\Http\\Middleware\\PreventRequestsDuringMaintenance->handle()
#69 /var/www/HEPL_PM/vendor/fruitcake/laravel-cors/src/HandleCors.php(38): Illuminate\\Pipeline\\Pipeline->Illuminate\\Pipeline\\{closure}()
#70 /var/www/HEPL_PM/vendor/laravel/framework/src/Illuminate/Pipeline/Pipeline.php(180): Fruitcake\\Cors\\HandleCors->handle()
#71 /var/www/HEPL_PM/vendor/laravel/framework/src/Illuminate/Http/Middleware/TrustProxies.php(39): Illuminate\\Pipeline\\Pipeline->Illuminate\\Pipeline\\{closure}()
#72 /var/www/HEPL_PM/vendor/laravel/framework/src/Illuminate/Pipeline/Pipeline.php(180): Illuminate\\Http\\Middleware\\TrustProxies->handle()
#73 /var/www/HEPL_PM/vendor/laravel/framework/src/Illuminate/Pipeline/Pipeline.php(116): Illuminate\\Pipeline\\Pipeline->Illuminate\\Pipeline\\{closure}()
#74 /var/www/HEPL_PM/vendor/laravel/framework/src/Illuminate/Foundation/Http/Kernel.php(165): Illuminate\\Pipeline\\Pipeline->then()
#75 /var/www/HEPL_PM/vendor/laravel/framework/src/Illuminate/Foundation/Http/Kernel.php(134): Illuminate\\Foundation\\Http\\Kernel->sendRequestThroughRouter()
#76 /var/www/HEPL_PM/public/index.php(64): Illuminate\\Foundation\\Http\\Kernel->handle()
#77 {main}
"} 
